Lambda/app/manifest-merger-beta-report.txt
-- Merging decision tree log ---
manifest
ADDED from AndroidManifest.xml:19:1
	xmlns:android
		ADDED from AndroidManifest.xml:20:5
	package
		ADDED from AndroidManifest.xml:21:5
	android:versionName
		INJECTED from AndroidManifest.xml:0:0
		INJECTED from AndroidManifest.xml:0:0
	android:versionCode
		INJECTED from AndroidManifest.xml:0:0
		INJECTED from AndroidManifest.xml:0:0
	android:installLocation
		ADDED from AndroidManifest.xml:22:5
uses-sdk
ADDED from AndroidManifest.xml:24:5
MERGED from pl.droidsonroids.gif:android-gif-drawable:1.0.12:6:5
MERGED from org.lucasr.twowayview:twowayview:0.1.4:22:5
	android:targetSdkVersion
		ADDED from AndroidManifest.xml:26:9
		INJECTED from AndroidManifest.xml:0:0
		INJECTED from AndroidManifest.xml:0:0
	android:minSdkVersion
		ADDED from AndroidManifest.xml:25:9
		INJECTED from AndroidManifest.xml:0:0
		INJECTED from AndroidManifest.xml:0:0
uses-permission#android.permission.INTERNET
ADDED from AndroidManifest.xml:28:5
	android:name
		ADDED from AndroidManifest.xml:28:22
uses-permission#android.permission.WRITE_EXTERNAL_STORAGE
ADDED from AndroidManifest.xml:29:5
	android:name
		ADDED from AndroidManifest.xml:29:22
uses-permission#android.permission.NFC
ADDED from AndroidManifest.xml:30:5
	android:name
		ADDED from AndroidManifest.xml:30:22
application
ADDED from AndroidManifest.xml:32:5
MERGED from org.lucasr.twowayview:twowayview:0.1.4:26:5
	android:label
		ADDED from AndroidManifest.xml:36:9
	android:allowBackup
		ADDED from AndroidManifest.xml:34:9
	android:icon
		ADDED from AndroidManifest.xml:35:9
	android:theme
		ADDED from AndroidManifest.xml:37:9
	android:name
		ADDED from AndroidManifest.xml:33:9
activity#org.bohrmeista.chan.ui.activity.BoardActivity
ADDED from AndroidManifest.xml:38:9
	android:label
		ADDED from AndroidManifest.xml:41:13
	android:configChanges
		ADDED from AndroidManifest.xml:40:13
	android:name
		ADDED from AndroidManifest.xml:39:13
intent-filter#android.intent.action.MAIN+android.intent.category.LAUNCHER
ADDED from AndroidManifest.xml:42:13
action#android.intent.action.MAIN
ADDED from AndroidManifest.xml:43:17
	android:name
		ADDED from AndroidManifest.xml:43:25
category#android.intent.category.LAUNCHER
ADDED from AndroidManifest.xml:45:17
	android:name
		ADDED from AndroidManifest.xml:45:27
intent-filter#android.intent.action.VIEW+android.intent.category.BROWSABLE+android.intent.category.DEFAULT+android.nfc.action.NDEF_DISCOVERED
ADDED from AndroidManifest.xml:47:13
action#android.intent.action.VIEW
ADDED from AndroidManifest.xml:48:17
	android:name
		ADDED from AndroidManifest.xml:48:25
action#android.nfc.action.NDEF_DISCOVERED
ADDED from AndroidManifest.xml:49:17
	android:name
		ADDED from AndroidManifest.xml:49:25
category#android.intent.category.DEFAULT
ADDED from AndroidManifest.xml:52:17
	android:name
		ADDED from AndroidManifest.xml:52:27
category#android.intent.category.BROWSABLE
ADDED from AndroidManifest.xml:53:17
	android:name
		ADDED from AndroidManifest.xml:53:27
data
ADDED from AndroidManifest.xml:55:17
	android:host
		ADDED from AndroidManifest.xml:56:21
	android:pathPrefix
		ADDED from AndroidManifest.xml:57:21
	android:scheme
		ADDED from AndroidManifest.xml:58:21
activity#org.bohrmeista.chan.ui.activity.ReplyActivity
ADDED from AndroidManifest.xml:73:9
	android:windowSoftInputMode
		ADDED from AndroidManifest.xml:76:13
	android:configChanges
		ADDED from AndroidManifest.xml:75:13
	android:name
		ADDED from AndroidManifest.xml:74:13
activity#org.bohrmeista.chan.ui.activity.SettingsActivity
ADDED from AndroidManifest.xml:78:9
	android:label
		ADDED from AndroidManifest.xml:80:13
	android:parentActivityName
		ADDED from AndroidManifest.xml:81:13
	android:name
		ADDED from AndroidManifest.xml:79:13
meta-data#android.support.PARENT_ACTIVITY
ADDED from AndroidManifest.xml:82:13
	android:name
		ADDED from AndroidManifest.xml:83:17
	android:value
		ADDED from AndroidManifest.xml:84:17
activity#org.bohrmeista.chan.ui.activity.WatchSettingsActivity
ADDED from AndroidManifest.xml:86:9
	android:label
		ADDED from AndroidManifest.xml:88:13
	android:parentActivityName
		ADDED from AndroidManifest.xml:89:13
	android:name
		ADDED from AndroidManifest.xml:87:13
activity#org.bohrmeista.chan.ui.activity.AboutActivity
ADDED from AndroidManifest.xml:94:9
	android:label
		ADDED from AndroidManifest.xml:96:13
	android:parentActivityName
		ADDED from AndroidManifest.xml:97:13
	android:name
		ADDED from AndroidManifest.xml:95:13
activity#org.bohrmeista.chan.ui.activity.BoardEditor
ADDED from AndroidManifest.xml:102:9
	android:label
		ADDED from AndroidManifest.xml:105:13
	android:configChanges
		ADDED from AndroidManifest.xml:104:13
	android:parentActivityName
		ADDED from AndroidManifest.xml:106:13
	android:name
		ADDED from AndroidManifest.xml:103:13
activity#org.bohrmeista.chan.ui.activity.ImageViewActivity
ADDED from AndroidManifest.xml:111:9
	android:configChanges
		ADDED from AndroidManifest.xml:113:13
	android:theme
		ADDED from AndroidManifest.xml:115:13
	android:name
		ADDED from AndroidManifest.xml:112:13
	android:launchMode
		ADDED from AndroidManifest.xml:114:13
activity#org.bohrmeista.chan.ui.activity.ImagePickActivity
ADDED from AndroidManifest.xml:117:9
	android:name
		ADDED from AndroidManifest.xml:117:19
activity#org.bohrmeista.chan.ui.activity.DeveloperActivity
ADDED from AndroidManifest.xml:119:9
	android:name
		ADDED from AndroidManifest.xml:119:19
activity#org.bohrmeista.chan.ui.activity.AdvancedSettingsActivity
ADDED from AndroidManifest.xml:121:9
	android:label
		ADDED from AndroidManifest.xml:123:13
	android:parentActivityName
		ADDED from AndroidManifest.xml:124:13
	android:name
		ADDED from AndroidManifest.xml:122:13
service#org.bohrmeista.chan.ui.service.WatchNotifier
ADDED from AndroidManifest.xml:130:9
	android:exported
		ADDED from AndroidManifest.xml:132:13
	android:name
		ADDED from AndroidManifest.xml:131:13